{"contracts/Airdropper.sol":{"l":{"34":10,"36":9,"37":9,"52":10,"53":10,"55":9,"56":9,"58":9,"59":9,"66":3,"68":2,"69":2,"70":2},"path":"/Users/gustavoguimaraes/DAPPS/zulu/ztx/contracts/Airdropper.sol","s":{"1":10,"2":9,"3":9,"4":10,"5":10,"6":9,"7":9,"8":9,"9":3,"10":2},"b":{"1":[9,1],"2":[9,1],"3":[2,1]},"f":{"1":10,"2":10,"3":3},"fnMap":{"1":{"name":null,"line":33,"loc":{"start":{"line":33,"column":4},"end":{"line":33,"column":71}}},"2":{"name":"triggerAirDrop","line":44,"loc":{"start":{"line":44,"column":4},"end":{"line":50,"column":5}}},"3":{"name":"kill","line":65,"loc":{"start":{"line":65,"column":4},"end":{"line":65,"column":56}}}},"statementMap":{"1":{"start":{"line":34,"column":8},"end":{"line":34,"column":43}},"2":{"start":{"line":36,"column":8},"end":{"line":36,"column":53}},"3":{"start":{"line":37,"column":8},"end":{"line":37,"column":31}},"4":{"start":{"line":52,"column":8},"end":{"line":52,"column":47}},"5":{"start":{"line":53,"column":8},"end":{"line":53,"column":79}},"6":{"start":{"line":55,"column":8},"end":{"line":55,"column":75}},"7":{"start":{"line":56,"column":8},"end":{"line":56,"column":45}},"8":{"start":{"line":59,"column":8},"end":{"line":59,"column":46}},"9":{"start":{"line":66,"column":8},"end":{"line":66,"column":70}},"10":{"start":{"line":70,"column":8},"end":{"line":70,"column":26}}},"branchMap":{"1":{"line":34,"type":"if","locations":[{"start":{"line":34,"column":8},"end":{"line":34,"column":8}},{"start":{"line":34,"column":8},"end":{"line":34,"column":8}}]},"2":{"line":53,"type":"if","locations":[{"start":{"line":53,"column":8},"end":{"line":53,"column":8}},{"start":{"line":53,"column":8},"end":{"line":53,"column":8}}]},"3":{"line":66,"type":"if","locations":[{"start":{"line":66,"column":8},"end":{"line":66,"column":8}},{"start":{"line":66,"column":8},"end":{"line":66,"column":8}}]}}},"contracts/ZTX.sol":{"l":{"18":13},"path":"/Users/gustavoguimaraes/DAPPS/zulu/ztx/contracts/ZTX.sol","s":{"1":13},"b":{},"f":{"1":13},"fnMap":{"1":{"name":null,"line":17,"loc":{"start":{"line":17,"column":4},"end":{"line":17,"column":22}}}},"statementMap":{"1":{"start":{"line":18,"column":8},"end":{"line":18,"column":14}}},"branchMap":{}},"contracts/ZTXInterface.sol":{"l":{},"path":"/Users/gustavoguimaraes/DAPPS/zulu/ztx/contracts/ZTXInterface.sol","s":{},"b":{},"f":{},"fnMap":{},"statementMap":{},"branchMap":{}}}