{"contracts/Airdropper.sol":{"l":{"33":15,"35":14,"39":13,"40":13,"41":13,"42":12,"50":12,"51":11,"67":10,"68":10,"70":9,"71":9,"73":9,"74":9,"82":2,"89":3,"90":2,"91":2},"path":"/Users/gustavoguimaraes/DAPPS/zulu/ztx/contracts/Airdropper.sol","s":{"1":15,"2":14,"3":13,"4":13,"5":13,"6":12,"7":11,"8":10,"9":10,"10":9,"11":9,"12":9,"13":3,"14":2},"b":{"1":[14,1],"2":[13,0],"3":[12,1],"4":[11,1],"5":[9,1],"6":[2,1]},"f":{"1":15,"2":13,"3":12,"4":10,"5":2,"6":3},"fnMap":{"1":{"name":null,"line":32,"loc":{"start":{"line":32,"column":4},"end":{"line":32,"column":52}}},"2":{"name":"hasBalance","line":38,"loc":{"start":{"line":38,"column":4},"end":{"line":38,"column":23}}},"3":{"name":"setZuluToken","line":49,"loc":{"start":{"line":49,"column":4},"end":{"line":49,"column":58}}},"4":{"name":"triggerAirDrop","line":58,"loc":{"start":{"line":58,"column":4},"end":{"line":65,"column":5}}},"5":{"name":"emergencyTokenDrain","line":81,"loc":{"start":{"line":81,"column":4},"end":{"line":81,"column":76}}},"6":{"name":"kill","line":88,"loc":{"start":{"line":88,"column":4},"end":{"line":88,"column":36}}}},"statementMap":{"1":{"start":{"line":33,"column":8},"end":{"line":33,"column":43}},"2":{"start":{"line":35,"column":8},"end":{"line":35,"column":53}},"3":{"start":{"line":39,"column":8},"end":{"line":39,"column":34}},"4":{"start":{"line":40,"column":8},"end":{"line":40,"column":45}},"5":{"start":{"line":41,"column":8},"end":{"line":41,"column":27}},"6":{"start":{"line":50,"column":8},"end":{"line":50,"column":36}},"7":{"start":{"line":51,"column":8},"end":{"line":51,"column":27}},"8":{"start":{"line":67,"column":8},"end":{"line":67,"column":47}},"9":{"start":{"line":68,"column":8},"end":{"line":68,"column":79}},"10":{"start":{"line":70,"column":8},"end":{"line":70,"column":75}},"11":{"start":{"line":71,"column":8},"end":{"line":71,"column":45}},"12":{"start":{"line":74,"column":8},"end":{"line":74,"column":46}},"13":{"start":{"line":89,"column":8},"end":{"line":89,"column":70}},"14":{"start":{"line":91,"column":8},"end":{"line":91,"column":26}}},"branchMap":{"1":{"line":33,"type":"if","locations":[{"start":{"line":33,"column":8},"end":{"line":33,"column":8}},{"start":{"line":33,"column":8},"end":{"line":33,"column":8}}]},"2":{"line":39,"type":"if","locations":[{"start":{"line":39,"column":8},"end":{"line":39,"column":8}},{"start":{"line":39,"column":8},"end":{"line":39,"column":8}}]},"3":{"line":41,"type":"if","locations":[{"start":{"line":41,"column":8},"end":{"line":41,"column":8}},{"start":{"line":41,"column":8},"end":{"line":41,"column":8}}]},"4":{"line":50,"type":"if","locations":[{"start":{"line":50,"column":8},"end":{"line":50,"column":8}},{"start":{"line":50,"column":8},"end":{"line":50,"column":8}}]},"5":{"line":68,"type":"if","locations":[{"start":{"line":68,"column":8},"end":{"line":68,"column":8}},{"start":{"line":68,"column":8},"end":{"line":68,"column":8}}]},"6":{"line":89,"type":"if","locations":[{"start":{"line":89,"column":8},"end":{"line":89,"column":8}},{"start":{"line":89,"column":8},"end":{"line":89,"column":8}}]}}},"contracts/ZuluToken.sol":{"l":{},"path":"/Users/gustavoguimaraes/DAPPS/zulu/ztx/contracts/ZuluToken.sol","s":{},"b":{},"f":{},"fnMap":{},"statementMap":{},"branchMap":{}}}