TN:
SF:/Users/gustavoguimaraes/DAPPS/zulu/zulu-smart-contracts/contracts/Airdropper.sol
FN:32,
FN:38,hasBalance
FN:49,setZuluToken
FN:58,triggerAirDrop
FN:81,emergencyTokenDrain
FN:88,kill
FNF:6
FNH:6
FNDA:15,
FNDA:13,hasBalance
FNDA:12,setZuluToken
FNDA:10,triggerAirDrop
FNDA:2,emergencyTokenDrain
FNDA:3,kill
DA:33,15
DA:35,14
DA:39,13
DA:40,13
DA:41,13
DA:42,12
DA:50,12
DA:51,11
DA:67,10
DA:68,10
DA:70,9
DA:71,9
DA:73,9
DA:74,9
DA:82,2
DA:89,3
DA:90,2
DA:91,2
LF:18
LH:18
BRDA:33,1,0,14
BRDA:33,1,1,1
BRDA:39,2,0,13
BRDA:39,2,1,0
BRDA:41,3,0,12
BRDA:41,3,1,1
BRDA:50,4,0,11
BRDA:50,4,1,1
BRDA:68,5,0,9
BRDA:68,5,1,1
BRDA:89,6,0,2
BRDA:89,6,1,1
BRF:12
BRH:11
end_of_record
TN:
SF:/Users/gustavoguimaraes/DAPPS/zulu/zulu-smart-contracts/contracts/MultisigWallet.sol
FN:46,onlyWallet
FN:51,ownerDoesNotExist
FN:56,ownerExists
FN:61,transactionExists
FN:66,confirmed
FN:71,notConfirmed
FN:76,notExecuted
FN:81,notNull
FN:86,validRequirement
FN:95,
FN:109,
FN:123,addOwner
FN:137,removeOwner
FN:157,replaceOwner
FN:176,changeRequirement
FN:190,submitTransaction
FN:200,confirmTransaction
FN:213,revokeConfirmation
FN:225,executeTransaction
FN:245,external_call
FN:268,isConfirmed
FN:290,addTransaction
FN:312,getConfirmationCount
FN:326,getTransactionCount
FN:339,getOwners
FN:350,getConfirmations
FN:374,getTransactionIds
FNF:27
FNH:27
FNDA:4,onlyWallet
FNDA:2,ownerDoesNotExist
FNDA:43,ownerExists
FNDA:19,transactionExists
FNDA:21,confirmed
FNDA:19,notConfirmed
FNDA:21,notExecuted
FNDA:11,notNull
FNDA:15,validRequirement
FNDA:6,
FNDA:13,
FNDA:1,addOwner
FNDA:1,removeOwner
FNDA:1,replaceOwner
FNDA:1,changeRequirement
FNDA:10,submitTransaction
FNDA:19,confirmTransaction
FNDA:1,revokeConfirmation
FNDA:20,executeTransaction
FNDA:9,external_call
FNDA:20,isConfirmed
FNDA:10,addTransaction
FNDA:3,getConfirmationCount
FNDA:4,getTransactionCount
FNDA:1,getOwners
FNDA:2,getConfirmations
FNDA:4,getTransactionIds
DA:47,4
DA:48,4
DA:52,2
DA:53,2
DA:57,43
DA:58,42
DA:62,19
DA:63,19
DA:67,21
DA:68,21
DA:72,19
DA:73,19
DA:77,21
DA:78,21
DA:82,11
DA:83,11
DA:87,15
DA:91,15
DA:99,6
DA:100,6
DA:113,13
DA:114,33
DA:115,33
DA:117,13
DA:118,13
DA:130,1
DA:131,1
DA:132,1
DA:142,1
DA:143,1
DA:144,2
DA:145,0
DA:146,0
DA:148,1
DA:149,1
DA:150,0
DA:151,1
DA:163,1
DA:164,3
DA:165,1
DA:166,1
DA:168,1
DA:169,1
DA:170,1
DA:171,1
DA:181,1
DA:182,1
DA:194,10
DA:195,10
DA:206,19
DA:207,19
DA:208,19
DA:219,1
DA:220,1
DA:231,20
DA:232,9
DA:233,9
DA:234,9
DA:235,8
DA:237,1
DA:238,1
DA:246,9
DA:247,9
DA:262,9
DA:273,20
DA:274,20
DA:275,45
DA:276,28
DA:277,45
DA:278,9
DA:295,10
DA:296,10
DA:302,10
DA:303,10
DA:317,3
DA:318,9
DA:319,2
DA:331,4
DA:332,4
DA:334,4
DA:344,1
DA:355,2
DA:356,2
DA:357,2
DA:358,2
DA:359,5
DA:360,4
DA:361,4
DA:363,2
DA:364,2
DA:365,4
DA:379,4
DA:380,4
DA:381,4
DA:382,4
DA:383,7
DA:386,6
DA:387,6
DA:389,4
DA:390,4
DA:391,6
LF:101
LH:98
BRDA:47,1,0,4
BRDA:47,1,1,0
BRDA:52,2,0,2
BRDA:52,2,1,0
BRDA:57,3,0,42
BRDA:57,3,1,1
BRDA:62,4,0,19
BRDA:62,4,1,0
BRDA:67,5,0,21
BRDA:67,5,1,0
BRDA:72,6,0,19
BRDA:72,6,1,0
BRDA:77,7,0,21
BRDA:77,7,1,0
BRDA:82,8,0,11
BRDA:82,8,1,0
BRDA:87,9,0,15
BRDA:87,9,1,0
BRDA:99,10,0,6
BRDA:99,10,1,0
BRDA:114,11,0,33
BRDA:114,11,1,0
BRDA:144,12,0,0
BRDA:144,12,1,2
BRDA:149,13,0,0
BRDA:149,13,1,1
BRDA:164,14,0,1
BRDA:164,14,1,2
BRDA:231,15,0,9
BRDA:231,15,1,11
BRDA:234,16,0,8
BRDA:234,16,1,1
BRDA:275,17,0,28
BRDA:275,17,1,17
BRDA:277,18,0,9
BRDA:277,18,1,36
BRDA:318,19,0,2
BRDA:318,19,1,7
BRDA:332,20,0,4
BRDA:332,20,1,0
BRDA:359,21,0,4
BRDA:359,21,1,1
BRDA:383,22,0,6
BRDA:383,22,1,1
BRF:44
BRH:31
end_of_record
TN:
SF:/Users/gustavoguimaraes/DAPPS/zulu/zulu-smart-contracts/contracts/MultiSigWalletFactory.sol
FN:24,getInstantiationCount
FN:37,register
FN:57,create
FNF:3
FNH:3
FNDA:2,getInstantiationCount
FNDA:4,register
FNDA:4,create
DA:29,2
DA:40,4
DA:41,4
DA:42,4
DA:61,4
DA:62,4
LF:6
LH:6
BRF:0
BRH:0
end_of_record
TN:
SF:/Users/gustavoguimaraes/DAPPS/zulu/zulu-smart-contracts/contracts/Rewards.sol
FN:40,
FN:66,toggleCashBack
FN:75,mintTokensForRewardsContract
FN:92,payoutFoundationFromReserve
FN:107,redeemCashback
FN:122,giveOutCashBack
FN:136,cashback
FN:143,rewardsBalance
FNF:8
FNH:8
FNDA:30,
FNDA:3,toggleCashBack
FNDA:4,mintTokensForRewardsContract
FNDA:5,payoutFoundationFromReserve
FNDA:1,redeemCashback
FNDA:4,giveOutCashBack
FNDA:1,cashback
FNDA:3,rewardsBalance
DA:49,30
DA:55,30
DA:56,30
DA:57,30
DA:59,30
DA:60,30
DA:67,3
DA:68,3
DA:76,4
DA:78,4
DA:83,4
DA:85,2
DA:86,2
DA:93,5
DA:95,4
DA:96,4
DA:98,4
DA:99,4
DA:101,4
DA:108,1
DA:109,1
DA:111,1
DA:112,1
DA:113,1
DA:123,4
DA:125,4
DA:132,1
DA:137,1
DA:138,1
DA:140,1
DA:144,3
LF:31
LH:31
BRDA:49,1,0,30
BRDA:49,1,1,0
BRDA:76,2,0,4
BRDA:76,2,1,0
BRDA:83,3,0,2
BRDA:83,3,1,2
BRDA:93,4,0,4
BRDA:93,4,1,1
BRDA:125,5,0,1
BRDA:125,5,1,3
BRF:10
BRH:8
end_of_record
TN:
SF:/Users/gustavoguimaraes/DAPPS/zulu/zulu-smart-contracts/contracts/upgradeable/OwnableProxied.sol
FNF:0
FNH:0
LF:0
LH:0
BRF:0
BRH:0
end_of_record
TN:
SF:/Users/gustavoguimaraes/DAPPS/zulu/zulu-smart-contracts/contracts/upgradeable/OwnableProxy.sol
FN:12,
FN:22,upgradeTo
FN:34,upgradeTo
FN:44,
FNF:4
FNH:4
FNDA:15,
FNDA:31,upgradeTo
FNDA:3,upgradeTo
FNDA:47,
DA:13,15
DA:23,31
DA:25,31
DA:26,31
DA:28,31
DA:35,3
DA:36,3
DA:45,47
DA:46,47
DA:48,47
LF:10
LH:10
BRDA:23,1,0,31
BRDA:23,1,1,0
BRDA:36,2,0,2
BRDA:36,2,1,1
BRDA:46,3,0,47
BRDA:46,3,1,0
BRF:6
BRH:4
end_of_record
TN:
SF:/Users/gustavoguimaraes/DAPPS/zulu/zulu-smart-contracts/contracts/upgradeable/OwnableUpgradeable.sol
FN:10,initializeOnceOnly
FN:24,upgradeTo
FN:40,initialize
FNF:3
FNH:3
FNDA:30,initializeOnceOnly
FNDA:1,upgradeTo
FNDA:19,initialize
DA:11,30
DA:12,27
DA:13,27
DA:14,27
DA:16,3
DA:25,1
LF:6
LH:6
BRDA:11,1,0,27
BRDA:11,1,1,3
BRDA:25,2,0,0
BRDA:25,2,1,1
BRF:4
BRH:3
end_of_record
TN:
SF:/Users/gustavoguimaraes/DAPPS/zulu/zulu-smart-contracts/contracts/Votable.sol
FN:19,
FN:31,onlyRewardsContract
FN:40,setRewardsContract
FN:49,implementSuccessfulVotingOnRewardsTokens
FN:59,setMaxYearsForFoundationPayout
FN:77,setFoundationPayoutPercentage
FN:95,setCashBackPercentage
FN:109,maxYearsForFoundationPayout
FN:116,foundationPayoutPercentage
FN:123,cashBackPercentage
FNF:10
FNH:10
FNDA:30,
FNDA:3,onlyRewardsContract
FNDA:30,setRewardsContract
FNDA:2,implementSuccessfulVotingOnRewardsTokens
FNDA:6,setMaxYearsForFoundationPayout
FNDA:6,setFoundationPayoutPercentage
FNDA:6,setCashBackPercentage
FNDA:11,maxYearsForFoundationPayout
FNDA:12,foundationPayoutPercentage
FNDA:11,cashBackPercentage
DA:26,30
DA:27,30
DA:28,30
DA:32,3
DA:33,2
DA:41,30
DA:42,30
DA:50,2
DA:52,2
DA:60,6
DA:61,6
DA:66,6
DA:67,5
DA:68,5
DA:69,5
DA:78,6
DA:79,6
DA:84,6
DA:85,5
DA:86,5
DA:87,5
DA:96,6
DA:97,6
DA:99,6
DA:100,5
DA:101,5
DA:102,5
DA:110,11
DA:117,12
DA:124,11
LF:30
LH:30
BRDA:32,1,0,2
BRDA:32,1,1,1
BRDA:41,2,0,30
BRDA:41,2,1,0
BRDA:50,3,0,2
BRDA:50,3,1,0
BRDA:60,4,0,6
BRDA:60,4,1,0
BRDA:66,5,0,5
BRDA:66,5,1,1
BRDA:78,6,0,6
BRDA:78,6,1,0
BRDA:84,7,0,5
BRDA:84,7,1,1
BRDA:96,8,0,6
BRDA:96,8,1,0
BRDA:99,9,0,5
BRDA:99,9,1,1
BRF:18
BRH:13
end_of_record
TN:
SF:/Users/gustavoguimaraes/DAPPS/zulu/zulu-smart-contracts/contracts/VotableInterface.sol
FNF:0
FNH:0
LF:0
LH:0
BRF:0
BRH:0
end_of_record
TN:
SF:/Users/gustavoguimaraes/DAPPS/zulu/zulu-smart-contracts/contracts/ZuluPassport.sol
FN:33,isNotContract
FN:46,addCitizen
FN:70,updateCitizen
FN:81,removeCitizen
FN:94,isCitizen
FN:103,addMerchant
FN:126,updateMerchant
FN:137,removeMerchant
FN:150,isMerchant
FNF:9
FNH:9
FNDA:149,isNotContract
FNDA:129,addCitizen
FNDA:5,updateCitizen
FNDA:3,removeCitizen
FNDA:90,isCitizen
FNDA:18,addMerchant
FNDA:5,updateMerchant
FNDA:3,removeMerchant
FNDA:2,isMerchant
DA:34,149
DA:35,149
DA:37,149
DA:38,147
DA:51,129
DA:58,125
DA:60,125
DA:61,125
DA:62,125
DA:71,5
DA:73,2
DA:74,2
DA:82,3
DA:84,1
DA:85,1
DA:86,1
DA:95,90
DA:108,18
DA:115,14
DA:116,14
DA:117,14
DA:118,14
DA:127,5
DA:129,2
DA:130,2
DA:138,3
DA:140,1
DA:141,1
DA:142,1
DA:151,2
LF:30
LH:30
BRDA:37,1,0,147
BRDA:37,1,1,2
BRDA:51,2,0,125
BRDA:51,2,1,4
BRDA:71,3,0,2
BRDA:71,3,1,3
BRDA:82,4,0,1
BRDA:82,4,1,2
BRDA:108,5,0,14
BRDA:108,5,1,4
BRDA:127,6,0,2
BRDA:127,6,1,3
BRDA:138,7,0,1
BRDA:138,7,1,2
BRF:14
BRH:14
end_of_record
TN:
SF:/Users/gustavoguimaraes/DAPPS/zulu/zulu-smart-contracts/contracts/ZuluToken.sol
FNF:0
FNH:0
LF:0
LH:0
BRF:0
BRH:0
end_of_record
TN:
SF:/Users/gustavoguimaraes/DAPPS/zulu/zulu-smart-contracts/contracts/ZuluVoting.sol
FN:35,
FN:53,vote
FN:74,getHasBeenSuccessful
FN:82,voteSuccessfullyImplemented
FN:98,checkEligibility
FN:122,citizenVotes
FN:148,checkForSuccessfulVoting
FNF:7
FNH:7
FNDA:36,
FNDA:87,vote
FNDA:43,getHasBeenSuccessful
FNDA:17,voteSuccessfullyImplemented
FNDA:87,checkEligibility
FNDA:85,citizenVotes
FNDA:85,checkForSuccessfulVoting
DA:41,36
DA:43,36
DA:44,36
DA:54,87
DA:55,87
DA:57,87
DA:58,26
DA:59,26
DA:62,87
DA:64,85
DA:66,85
DA:75,43
DA:83,17
DA:85,17
DA:86,17
DA:88,17
DA:108,87
DA:109,87
DA:110,87
DA:111,86
DA:132,85
DA:134,85
DA:135,84
DA:137,1
DA:140,85
DA:149,85
DA:150,22
DA:152,22
LF:28
LH:28
BRDA:41,1,0,36
BRDA:41,1,1,0
BRDA:57,2,0,26
BRDA:57,2,1,61
BRDA:83,3,0,17
BRDA:83,3,1,0
BRDA:108,4,0,87
BRDA:108,4,1,0
BRDA:109,5,0,87
BRDA:109,5,1,0
BRDA:110,6,0,86
BRDA:110,6,1,1
BRDA:111,7,0,85
BRDA:111,7,1,1
BRDA:134,8,0,84
BRDA:134,8,1,1
BRDA:149,9,0,22
BRDA:149,9,1,63
BRF:18
BRH:14
end_of_record
