TN:
SF:/Users/gustavoguimaraes/DAPPS/zulu/ztx/contracts/Airdropper.sol
FN:32,
FN:38,hasBalance
FN:49,setZuluToken
FN:58,triggerAirDrop
FN:81,emergencyTokenDrain
FN:88,kill
FNF:6
FNH:6
FNDA:15,
FNDA:13,hasBalance
FNDA:12,setZuluToken
FNDA:10,triggerAirDrop
FNDA:2,emergencyTokenDrain
FNDA:3,kill
DA:33,15
DA:35,14
DA:39,13
DA:40,13
DA:41,13
DA:42,12
DA:50,12
DA:51,11
DA:67,10
DA:68,10
DA:70,9
DA:71,9
DA:73,9
DA:74,9
DA:82,2
DA:89,3
DA:90,2
DA:91,2
LF:18
LH:18
BRDA:33,1,0,14
BRDA:33,1,1,1
BRDA:39,2,0,13
BRDA:39,2,1,0
BRDA:41,3,0,12
BRDA:41,3,1,1
BRDA:50,4,0,11
BRDA:50,4,1,1
BRDA:68,5,0,9
BRDA:68,5,1,1
BRDA:89,6,0,2
BRDA:89,6,1,1
BRF:12
BRH:11
end_of_record
TN:
SF:/Users/gustavoguimaraes/DAPPS/zulu/ztx/contracts/ZuluToken.sol
FNF:0
FNH:0
LF:0
LH:0
BRF:0
BRH:0
end_of_record
